Using pre-set license
Built from '2020.3/staging' branch; Version is '2020.3.10f1 (297d780c91bc) revision 2719096'; Using compiler version '192528614'; Build Type 'Release'
OS: 'Windows 10 Pro; OS build 19042.1288; Version 2009; 64bit' Language: 'en' Physical Memory: 32702 MB
BatchMode: 1, IsHumanControllingUs: 0, StartBugReporterOnCrash: 0, Is64bit: 1, IsPro: 0

 COMMAND LINE ARGUMENTS:
C:\Program Files\Unity\Hub\Editor\2020.3.10f1\Editor\Unity.exe
-adb2
-batchMode
-noUpm
-name
AssetImportWorker0
-projectPath
C:/Users/ppymh/Desktop/SmashTheDam/SmashTheDam
-logFile
Logs/AssetImportWorker0.log
-srvPort
59465
Successfully changed project path to: C:/Users/ppymh/Desktop/SmashTheDam/SmashTheDam
C:/Users/ppymh/Desktop/SmashTheDam/SmashTheDam
Using Asset Import Pipeline V2.
Refreshing native plugins compatible for Editor in 60.05 ms, found 5 plugins.
Preloading 0 native plugins for Editor in 0.00 ms.
Initialize engine version: 2020.3.10f1 (297d780c91bc)
[Subsystems] Discovering subsystems at path C:/Program Files/Unity/Hub/Editor/2020.3.10f1/Editor/Data/Resources/UnitySubsystems
[Subsystems] Discovering subsystems at path C:/Users/ppymh/Desktop/SmashTheDam/SmashTheDam/Assets
GfxDevice: creating device client; threaded=0
Direct3D:
    Version:  Direct3D 11.0 [level 11.1]
    Renderer: NVIDIA GeForce RTX 2080 SUPER (ID=0x1e81)
    Vendor:   
    VRAM:     8010 MB
    Driver:   30.0.14.9613
Shader 'Universal Render Pipeline/Particles/Lit': fallback shader 'Universal Render Pipeline/Particles/SimpleLit' not found
Initialize mono
Mono path[0] = 'C:/Program Files/Unity/Hub/Editor/2020.3.10f1/Editor/Data/Managed'
Mono path[1] = 'C:/Program Files/Unity/Hub/Editor/2020.3.10f1/Editor/Data/MonoBleedingEdge/lib/mono/unityjit'
Mono config path = 'C:/Program Files/Unity/Hub/Editor/2020.3.10f1/Editor/Data/MonoBleedingEdge/etc'
Using monoOptions --debugger-agent=transport=dt_socket,embedding=1,server=y,suspend=n,address=127.0.0.1:56340
Begin MonoManager ReloadAssembly
Registering precompiled unity dll's ...
Register platform support module: C:/Program Files/Unity/Hub/Editor/2020.3.10f1/Editor/Data/PlaybackEngines/WindowsStandaloneSupport/UnityEditor.WindowsStandalone.Extensions.dll
Registered in 0.001530 seconds.
Native extension for WindowsStandalone target not found
Refreshing native plugins compatible for Editor in 62.10 ms, found 5 plugins.
Preloading 0 native plugins for Editor in 0.00 ms.
Mono: successfully reloaded assembly
- Completed reload, in  1.595 seconds
Platform modules already initialized, skipping
Registering precompiled user dll's ...
Registered in 0.004505 seconds.
Begin MonoManager ReloadAssembly
Native extension for WindowsStandalone target not found
Refreshing native plugins compatible for Editor in 60.74 ms, found 5 plugins.
Preloading 0 native plugins for Editor in 0.00 ms.
Mono: successfully reloaded assembly
- Completed reload, in  1.077 seconds
Platform modules already initialized, skipping
========================================================================
Worker process is ready to serve import requests
Shader 'Universal Render Pipeline/Particles/Lit': fallback shader 'Universal Render Pipeline/Particles/SimpleLit' not found
Launched and connected shader compiler UnityShaderCompiler.exe after 0.03 seconds
Refreshing native plugins compatible for Editor in 0.77 ms, found 5 plugins.
Preloading 0 native plugins for Editor in 0.00 ms.
Unloading 3412 Unused Serialized files (Serialized files now loaded: 0)
System memory in use before: 161.0 MB.
System memory in use after: 161.2 MB.

Unloading 29 unused Assets to reduce memory usage. Loaded Objects now: 3852.
Total: 2.182300 ms (FindLiveObjects: 0.249400 ms CreateObjectMapping: 0.106500 ms MarkObjects: 1.706700 ms  DeleteObjects: 0.118800 ms)

========================================================================
Received Import Request.
  path: Assets/Sprites/Dynamite/dynamite_0023.png
  artifactKey: Guid(f4f720558c0f1744dace62f10823e427) Importer(815301076,1909f56bfc062723c751e8b465ee728b)
Start importing Assets/Sprites/Dynamite/dynamite_0023.png using Guid(f4f720558c0f1744dace62f10823e427) Importer(815301076,1909f56bfc062723c751e8b465ee728b)  -> (artifact id: 'b8652a8c3a568bbafda5b50ea36ddd95') in 0.086029 seconds
  Import took 0.090399 seconds .

========================================================================
Received Import Request.
  Time since last request: 0.000194 seconds.
  path: Assets/Sprites/Dynamite/dynamite_0003.png
  artifactKey: Guid(6d14ade24ba795b4981d6266c9dbcd30) Importer(815301076,1909f56bfc062723c751e8b465ee728b)
Start importing Assets/Sprites/Dynamite/dynamite_0003.png using Guid(6d14ade24ba795b4981d6266c9dbcd30) Importer(815301076,1909f56bfc062723c751e8b465ee728b)  -> (artifact id: 'be8b19cbfdd3b52f5ed9ec4a9c598d76') in 0.019172 seconds
  Import took 0.023078 seconds .

========================================================================
Received Import Request.
  Time since last request: 0.000211 seconds.
  path: Assets/Sprites/Dynamite/dynamite_0022.png
  artifactKey: Guid(9b7a6022f9d86724980147f5031803a4) Importer(815301076,1909f56bfc062723c751e8b465ee728b)
Start importing Assets/Sprites/Dynamite/dynamite_0022.png using Guid(9b7a6022f9d86724980147f5031803a4) Importer(815301076,1909f56bfc062723c751e8b465ee728b)  -> (artifact id: 'c1ec983bbe807d90dd557f244218cd34') in 0.018705 seconds
  Import took 0.022686 seconds .

========================================================================
Received Import Request.
  Time since last request: 0.000212 seconds.
  path: Assets/Sprites/Dynamite/dynamite_0020.png
  artifactKey: Guid(11e53094a9eba2a48b98ae32367f29da) Importer(815301076,1909f56bfc062723c751e8b465ee728b)
Start importing Assets/Sprites/Dynamite/dynamite_0020.png using Guid(11e53094a9eba2a48b98ae32367f29da) Importer(815301076,1909f56bfc062723c751e8b465ee728b)  -> (artifact id: 'f814f4439187206e0e5b2411bf7eebce') in 0.017977 seconds
  Import took 0.022096 seconds .

========================================================================
Received Import Request.
  Time since last request: 0.000234 seconds.
  path: Assets/Sprites/Dynamite/dynamite_0009.png
  artifactKey: Guid(5d17a574d75f3454994853c6af8c8c8f) Importer(815301076,1909f56bfc062723c751e8b465ee728b)
Start importing Assets/Sprites/Dynamite/dynamite_0009.png using Guid(5d17a574d75f3454994853c6af8c8c8f) Importer(815301076,1909f56bfc062723c751e8b465ee728b)  -> (artifact id: 'a412a9dac2f927d14f1d795f9d5b97c8') in 0.019161 seconds
  Import took 0.023230 seconds .

========================================================================
Received Import Request.
  Time since last request: 0.000239 seconds.
  path: Assets/Sprites/Dynamite/dynamite_0000.png
  artifactKey: Guid(537c63bcc14e95f43a2bcb8425cb3dd9) Importer(815301076,1909f56bfc062723c751e8b465ee728b)
Start importing Assets/Sprites/Dynamite/dynamite_0000.png using Guid(537c63bcc14e95f43a2bcb8425cb3dd9) Importer(815301076,1909f56bfc062723c751e8b465ee728b)  -> (artifact id: '7d310bbe0fdef0decba37ece97b9e9a2') in 0.018025 seconds
  Import took 0.022421 seconds .

========================================================================
Received Import Request.
  Time since last request: 0.000184 seconds.
  path: Assets/Sprites/Dynamite/dynamite_0005.png
  artifactKey: Guid(52eb2dd97b2daa84598bb35663c05b3b) Importer(815301076,1909f56bfc062723c751e8b465ee728b)
Start importing Assets/Sprites/Dynamite/dynamite_0005.png using Guid(52eb2dd97b2daa84598bb35663c05b3b) Importer(815301076,1909f56bfc062723c751e8b465ee728b)  -> (artifact id: '8825776821fd8551b9ad3365a76bafaa') in 0.019023 seconds
  Import took 0.023738 seconds .

========================================================================
Received Import Request.
  Time since last request: 0.000241 seconds.
  path: Assets/Sprites/Dynamite/dynamite_0014.png
  artifactKey: Guid(52317e4f00ec4c04f9ca0013eae773d4) Importer(815301076,1909f56bfc062723c751e8b465ee728b)
Start importing Assets/Sprites/Dynamite/dynamite_0014.png using Guid(52317e4f00ec4c04f9ca0013eae773d4) Importer(815301076,1909f56bfc062723c751e8b465ee728b)  -> (artifact id: '5229d302b4a305cd3e87aa6f011c140f') in 0.017888 seconds
  Import took 0.022040 seconds .

========================================================================
Received Import Request.
  Time since last request: 0.000144 seconds.
  path: Assets/Sprites/Dynamite/dynamite_0019.png
  artifactKey: Guid(fe715a4eee084b84e9e12c5133732ba0) Importer(815301076,1909f56bfc062723c751e8b465ee728b)
Start importing Assets/Sprites/Dynamite/dynamite_0019.png using Guid(fe715a4eee084b84e9e12c5133732ba0) Importer(815301076,1909f56bfc062723c751e8b465ee728b)  -> (artifact id: 'bb2f89436fb4c9318e9992fac79a873d') in 0.018597 seconds
  Import took 0.022835 seconds .

========================================================================
Received Import Request.
  Time since last request: 0.000180 seconds.
  path: Assets/Sprites/Dynamite/dynamite_0010.png
  artifactKey: Guid(1a3cf6ffed0d73548a8bc58a1c0b4ff6) Importer(815301076,1909f56bfc062723c751e8b465ee728b)
Start importing Assets/Sprites/Dynamite/dynamite_0010.png using Guid(1a3cf6ffed0d73548a8bc58a1c0b4ff6) Importer(815301076,1909f56bfc062723c751e8b465ee728b)  -> (artifact id: '774e3907a7b64a8ce44b774a201983e0') in 0.021209 seconds
  Import took 0.026501 seconds .

========================================================================
Received Import Request.
  Time since last request: 0.000195 seconds.
  path: Assets/Sprites/Dynamite/dynamite_0000.png
  artifactKey: Guid(537c63bcc14e95f43a2bcb8425cb3dd9) Importer(815301076,1909f56bfc062723c751e8b465ee728b)
Start importing Assets/Sprites/Dynamite/dynamite_0000.png using Guid(537c63bcc14e95f43a2bcb8425cb3dd9) Importer(815301076,1909f56bfc062723c751e8b465ee728b)  -> (artifact id: '7d310bbe0fdef0decba37ece97b9e9a2') in 0.017995 seconds
  Import took 0.022266 seconds .

========================================================================
Received Import Request.
  Time since last request: 0.000195 seconds.
  path: Assets/Sprites/Dynamite/dynamite_0021.png
  artifactKey: Guid(bf4ecc78bb0f690459b4ecdc42bac626) Importer(815301076,1909f56bfc062723c751e8b465ee728b)
Start importing Assets/Sprites/Dynamite/dynamite_0021.png using Guid(bf4ecc78bb0f690459b4ecdc42bac626) Importer(815301076,1909f56bfc062723c751e8b465ee728b)  -> (artifact id: 'b1b091a091a81cf474ce5fad3ffe32ba') in 0.019680 seconds
  Import took 0.024007 seconds .

========================================================================
Received Import Request.
  Time since last request: 0.000145 seconds.
  path: Assets/Sprites/Dynamite
  artifactKey: Guid(1bf06da9766354d47872e07207533a21) Importer(815301076,1909f56bfc062723c751e8b465ee728b)
Start importing Assets/Sprites/Dynamite using Guid(1bf06da9766354d47872e07207533a21) Importer(815301076,1909f56bfc062723c751e8b465ee728b)  -> (artifact id: 'c09bbfa9d1e3d51aa37f8ef1d4b84008') in 0.005186 seconds
  Import took 0.009654 seconds .

========================================================================
Received Import Request.
  Time since last request: 0.000197 seconds.
  path: Assets/Sprites/Dynamite/dynamite_0017.png
  artifactKey: Guid(dbaf77f2b40200046a9449326ea07c34) Importer(815301076,1909f56bfc062723c751e8b465ee728b)
Start importing Assets/Sprites/Dynamite/dynamite_0017.png using Guid(dbaf77f2b40200046a9449326ea07c34) Importer(815301076,1909f56bfc062723c751e8b465ee728b)  -> (artifact id: 'b274a5d855fe6b29568a1567ab01ed5c') in 0.019493 seconds
  Import took 0.023564 seconds .

========================================================================
Received Import Request.
  Time since last request: 0.000204 seconds.
  path: Assets/Sprites/Dynamite/dynamite_0008.png
  artifactKey: Guid(060f78f667d8c734aaf792f85450b0de) Importer(815301076,1909f56bfc062723c751e8b465ee728b)
Start importing Assets/Sprites/Dynamite/dynamite_0008.png using Guid(060f78f667d8c734aaf792f85450b0de) Importer(815301076,1909f56bfc062723c751e8b465ee728b)  -> (artifact id: '5baac4ce06ef423ecb8e0d9d68dd2e9e') in 0.019769 seconds
  Import took 0.023816 seconds .

========================================================================
Received Import Request.
  Time since last request: 0.000206 seconds.
  path: Assets/Sprites/Dynamite/dynamite_0011.png
  artifactKey: Guid(d80559e8bee205c40893a712e4777448) Importer(815301076,1909f56bfc062723c751e8b465ee728b)
Start importing Assets/Sprites/Dynamite/dynamite_0011.png using Guid(d80559e8bee205c40893a712e4777448) Importer(815301076,1909f56bfc062723c751e8b465ee728b)  -> (artifact id: '94b41c999031a08401e4d452e6ddfabd') in 0.018436 seconds
  Import took 0.022405 seconds .

========================================================================
Received Import Request.
  Time since last request: 0.000156 seconds.
  path: Assets/Sprites/Dynamite/dynamite_0002.png
  artifactKey: Guid(f45c7e169cc86664d8f07609f49f1313) Importer(815301076,1909f56bfc062723c751e8b465ee728b)
Start importing Assets/Sprites/Dynamite/dynamite_0002.png using Guid(f45c7e169cc86664d8f07609f49f1313) Importer(815301076,1909f56bfc062723c751e8b465ee728b)  -> (artifact id: '6f8c85a23118044c932501b9e3a65689') in 0.019580 seconds
  Import took 0.023894 seconds .

========================================================================
Received Import Request.
  Time since last request: 0.000171 seconds.
  path: Assets/Sprites/Dynamite/dynamite_0013.png
  artifactKey: Guid(9400f0703634cbd40a2aad8501f9860b) Importer(815301076,1909f56bfc062723c751e8b465ee728b)
Start importing Assets/Sprites/Dynamite/dynamite_0013.png using Guid(9400f0703634cbd40a2aad8501f9860b) Importer(815301076,1909f56bfc062723c751e8b465ee728b)  -> (artifact id: 'c35f8c3a7ea4e866b1660f41c3c6b7aa') in 0.020532 seconds
  Import took 0.024855 seconds .

========================================================================
Received Import Request.
  Time since last request: 0.000178 seconds.
  path: Assets/Sprites/Dynamite/dynamite_0001.png
  artifactKey: Guid(a8de87ea46eef2c42a672af5043342a3) Importer(815301076,1909f56bfc062723c751e8b465ee728b)
Start importing Assets/Sprites/Dynamite/dynamite_0001.png using Guid(a8de87ea46eef2c42a672af5043342a3) Importer(815301076,1909f56bfc062723c751e8b465ee728b)  -> (artifact id: 'b806de4f0fc8f7795b515e12658e0d36') in 0.017763 seconds
  Import took 0.022118 seconds .

========================================================================
Received Import Request.
  Time since last request: 0.000226 seconds.
  path: Assets/Sprites/Dynamite/dynamite_0018.png
  artifactKey: Guid(159d4fe7374f34344a66701db490ec1d) Importer(815301076,1909f56bfc062723c751e8b465ee728b)
Start importing Assets/Sprites/Dynamite/dynamite_0018.png using Guid(159d4fe7374f34344a66701db490ec1d) Importer(815301076,1909f56bfc062723c751e8b465ee728b)  -> (artifact id: '949273ec47bfff885af4415a0e015754') in 0.018286 seconds
  Import took 0.022707 seconds .

========================================================================
Received Import Request.
  Time since last request: 0.000225 seconds.
  path: Assets/Sprites/Dynamite/dynamite_0004.png
  artifactKey: Guid(eb260153ceb48974d943cf24c36c353d) Importer(815301076,1909f56bfc062723c751e8b465ee728b)
Start importing Assets/Sprites/Dynamite/dynamite_0004.png using Guid(eb260153ceb48974d943cf24c36c353d) Importer(815301076,1909f56bfc062723c751e8b465ee728b)  -> (artifact id: 'b03a5bbdd8786809e38d36d6e796add8') in 0.018691 seconds
  Import took 0.022929 seconds .

========================================================================
Received Import Request.
  Time since last request: 0.000142 seconds.
  path: Assets/Sprites/Dynamite/dynamite_0012.png
  artifactKey: Guid(95f415a2fa06149418697b975eac9d4e) Importer(815301076,1909f56bfc062723c751e8b465ee728b)
Start importing Assets/Sprites/Dynamite/dynamite_0012.png using Guid(95f415a2fa06149418697b975eac9d4e) Importer(815301076,1909f56bfc062723c751e8b465ee728b)  -> (artifact id: '235d185dfe5f25ebef2a1636fbaa5c30') in 0.018462 seconds
  Import took 0.023025 seconds .

========================================================================
Received Import Request.
  Time since last request: 0.000199 seconds.
  path: Assets/Sprites/Dynamite/dynamite_0004.png
  artifactKey: Guid(eb260153ceb48974d943cf24c36c353d) Importer(815301076,1909f56bfc062723c751e8b465ee728b)
Start importing Assets/Sprites/Dynamite/dynamite_0004.png using Guid(eb260153ceb48974d943cf24c36c353d) Importer(815301076,1909f56bfc062723c751e8b465ee728b)  -> (artifact id: 'b03a5bbdd8786809e38d36d6e796add8') in 0.016792 seconds
  Import took 0.021089 seconds .

========================================================================
Received Import Request.
  Time since last request: 0.000185 seconds.
  path: Assets/Sprites/Dynamite/dynamite_0007.png
  artifactKey: Guid(047da2167c968dc45a0e530c8934b426) Importer(815301076,1909f56bfc062723c751e8b465ee728b)
Start importing Assets/Sprites/Dynamite/dynamite_0007.png using Guid(047da2167c968dc45a0e530c8934b426) Importer(815301076,1909f56bfc062723c751e8b465ee728b)  -> (artifact id: '3e87676118c9d15477aaae5d17c28ded') in 0.017930 seconds
  Import took 0.022337 seconds .

========================================================================
Received Import Request.
  Time since last request: 0.000235 seconds.
  path: Assets/Sprites/Dynamite/dynamite_0015.png
  artifactKey: Guid(dec03198024058a48abf15c2dcb80d04) Importer(815301076,1909f56bfc062723c751e8b465ee728b)
Start importing Assets/Sprites/Dynamite/dynamite_0015.png using Guid(dec03198024058a48abf15c2dcb80d04) Importer(815301076,1909f56bfc062723c751e8b465ee728b)  -> (artifact id: '8aaaf08206a345730c0ac662dd88b981') in 0.018468 seconds
  Import took 0.022957 seconds .

========================================================================
Received Import Request.
  Time since last request: 0.000144 seconds.
  path: Assets/Sprites/Dynamite/dynamite_0006.png
  artifactKey: Guid(5fb87b97a85025445bbe8c66ec93eeda) Importer(815301076,1909f56bfc062723c751e8b465ee728b)
Start importing Assets/Sprites/Dynamite/dynamite_0006.png using Guid(5fb87b97a85025445bbe8c66ec93eeda) Importer(815301076,1909f56bfc062723c751e8b465ee728b)  -> (artifact id: '1a3896fea5dc3f151909c7928f8187d5') in 0.018162 seconds
  Import took 0.022407 seconds .

========================================================================
Received Import Request.
  Time since last request: 0.000187 seconds.
  path: Assets/Sprites/Dynamite/dynamite_0016.png
  artifactKey: Guid(562d5425e4b8ad945a939ecb25ea6c39) Importer(815301076,1909f56bfc062723c751e8b465ee728b)
Start importing Assets/Sprites/Dynamite/dynamite_0016.png using Guid(562d5425e4b8ad945a939ecb25ea6c39) Importer(815301076,1909f56bfc062723c751e8b465ee728b)  -> (artifact id: 'ba914f8047dfea991cca76b620ca6a2d') in 0.018470 seconds
  Import took 0.022529 seconds .

========================================================================
Received Import Request.
  Time since last request: 11.864054 seconds.
  path: Assets/Sprites/Dynamite/dynamite_0005.png
  artifactKey: Guid(52eb2dd97b2daa84598bb35663c05b3b) Importer(815301076,1909f56bfc062723c751e8b465ee728b)
Start importing Assets/Sprites/Dynamite/dynamite_0005.png using Guid(52eb2dd97b2daa84598bb35663c05b3b) Importer(815301076,1909f56bfc062723c751e8b465ee728b)  -> (artifact id: '4ffa5a3245a5ca2ae5c319dd4c4c8d7f') in 0.044424 seconds
  Import took 0.049069 seconds .

========================================================================
Received Import Request.
  Time since last request: 0.000193 seconds.
  path: Assets/Sprites/Dynamite/dynamite_0023.png
  artifactKey: Guid(f4f720558c0f1744dace62f10823e427) Importer(815301076,1909f56bfc062723c751e8b465ee728b)
Start importing Assets/Sprites/Dynamite/dynamite_0023.png using Guid(f4f720558c0f1744dace62f10823e427) Importer(815301076,1909f56bfc062723c751e8b465ee728b)  -> (artifact id: 'f4f49c568685b468575faa9215b6ef5b') in 0.016391 seconds
  Import took 0.021265 seconds .

========================================================================
Received Import Request.
  Time since last request: 0.000241 seconds.
  path: Assets/Sprites/Dynamite/dynamite_0003.png
  artifactKey: Guid(6d14ade24ba795b4981d6266c9dbcd30) Importer(815301076,1909f56bfc062723c751e8b465ee728b)
Start importing Assets/Sprites/Dynamite/dynamite_0003.png using Guid(6d14ade24ba795b4981d6266c9dbcd30) Importer(815301076,1909f56bfc062723c751e8b465ee728b)  -> (artifact id: 'e6cbf8087d982e18b416a73939e89f06') in 0.017528 seconds
  Import took 0.022054 seconds .

========================================================================
Received Import Request.
  Time since last request: 0.000228 seconds.
  path: Assets/Sprites/Dynamite/dynamite_0022.png
  artifactKey: Guid(9b7a6022f9d86724980147f5031803a4) Importer(815301076,1909f56bfc062723c751e8b465ee728b)
Start importing Assets/Sprites/Dynamite/dynamite_0022.png using Guid(9b7a6022f9d86724980147f5031803a4) Importer(815301076,1909f56bfc062723c751e8b465ee728b)  -> (artifact id: 'c0e586a9caab542c6b71446f62cc2ff8') in 0.016880 seconds
  Import took 0.021245 seconds .

========================================================================
Received Import Request.
  Time since last request: 0.000160 seconds.
  path: Assets/Sprites/Dynamite/dynamite_0020.png
  artifactKey: Guid(11e53094a9eba2a48b98ae32367f29da) Importer(815301076,1909f56bfc062723c751e8b465ee728b)
Start importing Assets/Sprites/Dynamite/dynamite_0020.png using Guid(11e53094a9eba2a48b98ae32367f29da) Importer(815301076,1909f56bfc062723c751e8b465ee728b)  -> (artifact id: '2e610351c2c0b32c629ea61c44ea59fb') in 0.018750 seconds
  Import took 0.023058 seconds .

========================================================================
Received Import Request.
  Time since last request: 0.000131 seconds.
  path: Assets/Sprites/Dynamite/dynamite_0009.png
  artifactKey: Guid(5d17a574d75f3454994853c6af8c8c8f) Importer(815301076,1909f56bfc062723c751e8b465ee728b)
Start importing Assets/Sprites/Dynamite/dynamite_0009.png using Guid(5d17a574d75f3454994853c6af8c8c8f) Importer(815301076,1909f56bfc062723c751e8b465ee728b)  -> (artifact id: '8cf68fe778d22512033c57a59b24e491') in 0.018506 seconds
  Import took 0.023381 seconds .

========================================================================
Received Import Request.
  Time since last request: 0.000205 seconds.
  path: Assets/Sprites/Dynamite/dynamite_0000.png
  artifactKey: Guid(537c63bcc14e95f43a2bcb8425cb3dd9) Importer(815301076,1909f56bfc062723c751e8b465ee728b)
Start importing Assets/Sprites/Dynamite/dynamite_0000.png using Guid(537c63bcc14e95f43a2bcb8425cb3dd9) Importer(815301076,1909f56bfc062723c751e8b465ee728b)  -> (artifact id: '3757e66b569e9990cbc8af90dd765293') in 0.015704 seconds
  Import took 0.020035 seconds .

========================================================================
Received Import Request.
  Time since last request: 0.000220 seconds.
  path: Assets/Sprites/Dynamite/dynamite_0019.png
  artifactKey: Guid(fe715a4eee084b84e9e12c5133732ba0) Importer(815301076,1909f56bfc062723c751e8b465ee728b)
Start importing Assets/Sprites/Dynamite/dynamite_0019.png using Guid(fe715a4eee084b84e9e12c5133732ba0) Importer(815301076,1909f56bfc062723c751e8b465ee728b)  -> (artifact id: 'ffc74fbbd658a73468b1b2be91311a23') in 0.016162 seconds
  Import took 0.020407 seconds .

========================================================================
Received Import Request.
  Time since last request: 0.000142 seconds.
  path: Assets/Sprites/Dynamite/dynamite_0014.png
  artifactKey: Guid(52317e4f00ec4c04f9ca0013eae773d4) Importer(815301076,1909f56bfc062723c751e8b465ee728b)
Start importing Assets/Sprites/Dynamite/dynamite_0014.png using Guid(52317e4f00ec4c04f9ca0013eae773d4) Importer(815301076,1909f56bfc062723c751e8b465ee728b)  -> (artifact id: '34423d5d95bc77f30eb4d7b184a5da59') in 0.017878 seconds
  Import took 0.022408 seconds .

========================================================================
Received Import Request.
  Time since last request: 0.000233 seconds.
  path: Assets/Sprites/Dynamite/dynamite_0005.png
  artifactKey: Guid(52eb2dd97b2daa84598bb35663c05b3b) Importer(815301076,1909f56bfc062723c751e8b465ee728b)
Start importing Assets/Sprites/Dynamite/dynamite_0005.png using Guid(52eb2dd97b2daa84598bb35663c05b3b) Importer(815301076,1909f56bfc062723c751e8b465ee728b)  -> (artifact id: '4ffa5a3245a5ca2ae5c319dd4c4c8d7f') in 0.015970 seconds
  Import took 0.020484 seconds .

========================================================================
Received Import Request.
  Time since last request: 0.000191 seconds.
  path: Assets/Sprites/Dynamite/dynamite_0010.png
  artifactKey: Guid(1a3cf6ffed0d73548a8bc58a1c0b4ff6) Importer(815301076,1909f56bfc062723c751e8b465ee728b)
Start importing Assets/Sprites/Dynamite/dynamite_0010.png using Guid(1a3cf6ffed0d73548a8bc58a1c0b4ff6) Importer(815301076,1909f56bfc062723c751e8b465ee728b)  -> (artifact id: '77a5b0238dbc80ea0714bcdfdf7921cd') in 0.016212 seconds
  Import took 0.020544 seconds .

========================================================================
Received Import Request.
  Time since last request: 0.000163 seconds.
  path: Assets/Sprites/Dynamite/dynamite_0021.png
  artifactKey: Guid(bf4ecc78bb0f690459b4ecdc42bac626) Importer(815301076,1909f56bfc062723c751e8b465ee728b)
Start importing Assets/Sprites/Dynamite/dynamite_0021.png using Guid(bf4ecc78bb0f690459b4ecdc42bac626) Importer(815301076,1909f56bfc062723c751e8b465ee728b)  -> (artifact id: 'bfe115d8e92b141f85590d9dce2ca1a0') in 0.015637 seconds
  Import took 0.019822 seconds .

========================================================================
Received Import Request.
  Time since last request: 0.000162 seconds.
  path: Assets/Sprites/Dynamite/dynamite_0017.png
  artifactKey: Guid(dbaf77f2b40200046a9449326ea07c34) Importer(815301076,1909f56bfc062723c751e8b465ee728b)
Start importing Assets/Sprites/Dynamite/dynamite_0017.png using Guid(dbaf77f2b40200046a9449326ea07c34) Importer(815301076,1909f56bfc062723c751e8b465ee728b)  -> (artifact id: 'c4fb3b360dca498bff7945f4f708f943') in 0.018397 seconds
  Import took 0.022479 seconds .

========================================================================
Received Import Request.
  Time since last request: 0.000192 seconds.
  path: Assets/Sprites/Dynamite/dynamite_0008.png
  artifactKey: Guid(060f78f667d8c734aaf792f85450b0de) Importer(815301076,1909f56bfc062723c751e8b465ee728b)
Start importing Assets/Sprites/Dynamite/dynamite_0008.png using Guid(060f78f667d8c734aaf792f85450b0de) Importer(815301076,1909f56bfc062723c751e8b465ee728b)  -> (artifact id: 'fa354537d9b15d8c5b331a45a1fb3b47') in 0.016228 seconds
  Import took 0.020409 seconds .

========================================================================
Received Import Request.
  Time since last request: 0.000119 seconds.
  path: Assets/Sprites/Dynamite/dynamite_0011.png
  artifactKey: Guid(d80559e8bee205c40893a712e4777448) Importer(815301076,1909f56bfc062723c751e8b465ee728b)
Start importing Assets/Sprites/Dynamite/dynamite_0011.png using Guid(d80559e8bee205c40893a712e4777448) Importer(815301076,1909f56bfc062723c751e8b465ee728b)  -> (artifact id: 'cafb558a2c6411e5a871fbec5e78ccc0') in 0.018659 seconds
  Import took 0.023377 seconds .

========================================================================
Received Import Request.
  Time since last request: 0.000244 seconds.
  path: Assets/Sprites/Dynamite/dynamite_0002.png
  artifactKey: Guid(f45c7e169cc86664d8f07609f49f1313) Importer(815301076,1909f56bfc062723c751e8b465ee728b)
Start importing Assets/Sprites/Dynamite/dynamite_0002.png using Guid(f45c7e169cc86664d8f07609f49f1313) Importer(815301076,1909f56bfc062723c751e8b465ee728b)  -> (artifact id: '0c87b5c5b9a80bee3bcb7e117a391c40') in 0.020982 seconds
  Import took 0.025190 seconds .

========================================================================
Received Import Request.
  Time since last request: 0.000166 seconds.
  path: Assets/Sprites/Dynamite/dynamite_0013.png
  artifactKey: Guid(9400f0703634cbd40a2aad8501f9860b) Importer(815301076,1909f56bfc062723c751e8b465ee728b)
Start importing Assets/Sprites/Dynamite/dynamite_0013.png using Guid(9400f0703634cbd40a2aad8501f9860b) Importer(815301076,1909f56bfc062723c751e8b465ee728b)  -> (artifact id: '485fe84991aaa86e6391d901fc303c9c') in 0.018885 seconds
  Import took 0.022974 seconds .

========================================================================
Received Import Request.
  Time since last request: 0.000205 seconds.
  path: Assets/Sprites/Dynamite/dynamite_0001.png
  artifactKey: Guid(a8de87ea46eef2c42a672af5043342a3) Importer(815301076,1909f56bfc062723c751e8b465ee728b)
Start importing Assets/Sprites/Dynamite/dynamite_0001.png using Guid(a8de87ea46eef2c42a672af5043342a3) Importer(815301076,1909f56bfc062723c751e8b465ee728b)  -> (artifact id: '1d76fd318067fc826f8ad5b30ae767b8') in 0.016314 seconds
  Import took 0.020634 seconds .

========================================================================
Received Import Request.
  Time since last request: 0.000230 seconds.
  path: Assets/Sprites/Dynamite/dynamite_0018.png
  artifactKey: Guid(159d4fe7374f34344a66701db490ec1d) Importer(815301076,1909f56bfc062723c751e8b465ee728b)
Start importing Assets/Sprites/Dynamite/dynamite_0018.png using Guid(159d4fe7374f34344a66701db490ec1d) Importer(815301076,1909f56bfc062723c751e8b465ee728b)  -> (artifact id: '2b0edd10e023e472b04c69695ec4f01b') in 0.018494 seconds
  Import took 0.023065 seconds .

========================================================================
Received Import Request.
  Time since last request: 0.000160 seconds.
  path: Assets/Sprites/Dynamite/dynamite_0004.png
  artifactKey: Guid(eb260153ceb48974d943cf24c36c353d) Importer(815301076,1909f56bfc062723c751e8b465ee728b)
Start importing Assets/Sprites/Dynamite/dynamite_0004.png using Guid(eb260153ceb48974d943cf24c36c353d) Importer(815301076,1909f56bfc062723c751e8b465ee728b)  -> (artifact id: 'bc263f66a342a2fb5b8090ec959c8bc0') in 0.016479 seconds
  Import took 0.020739 seconds .

========================================================================
Received Import Request.
  Time since last request: 0.000183 seconds.
  path: Assets/Sprites/Dynamite/dynamite_0012.png
  artifactKey: Guid(95f415a2fa06149418697b975eac9d4e) Importer(815301076,1909f56bfc062723c751e8b465ee728b)
Start importing Assets/Sprites/Dynamite/dynamite_0012.png using Guid(95f415a2fa06149418697b975eac9d4e) Importer(815301076,1909f56bfc062723c751e8b465ee728b)  -> (artifact id: '3ea15adbcd58b7b6bed04a78849661dc') in 0.016427 seconds
  Import took 0.020686 seconds .

========================================================================
Received Import Request.
  Time since last request: 0.000210 seconds.
  path: Assets/Sprites/Dynamite/dynamite_0007.png
  artifactKey: Guid(047da2167c968dc45a0e530c8934b426) Importer(815301076,1909f56bfc062723c751e8b465ee728b)
Start importing Assets/Sprites/Dynamite/dynamite_0007.png using Guid(047da2167c968dc45a0e530c8934b426) Importer(815301076,1909f56bfc062723c751e8b465ee728b)  -> (artifact id: '276b6f69db3d0200acdcb19ef3263b30') in 0.016198 seconds
  Import took 0.020359 seconds .

========================================================================
Received Import Request.
  Time since last request: 0.000185 seconds.
  path: Assets/Sprites/Dynamite/dynamite_0015.png
  artifactKey: Guid(dec03198024058a48abf15c2dcb80d04) Importer(815301076,1909f56bfc062723c751e8b465ee728b)
Start importing Assets/Sprites/Dynamite/dynamite_0015.png using Guid(dec03198024058a48abf15c2dcb80d04) Importer(815301076,1909f56bfc062723c751e8b465ee728b)  -> (artifact id: '47b42c76e383262cd2644eb0f56a39b5') in 0.017899 seconds
  Import took 0.022457 seconds .

========================================================================
Received Import Request.
  Time since last request: 0.000221 seconds.
  path: Assets/Sprites/Dynamite/dynamite_0006.png
  artifactKey: Guid(5fb87b97a85025445bbe8c66ec93eeda) Importer(815301076,1909f56bfc062723c751e8b465ee728b)
Start importing Assets/Sprites/Dynamite/dynamite_0006.png using Guid(5fb87b97a85025445bbe8c66ec93eeda) Importer(815301076,1909f56bfc062723c751e8b465ee728b)  -> (artifact id: '0c64fd615803770da5a517027552efa2') in 0.018774 seconds
  Import took 0.023584 seconds .

========================================================================
Received Import Request.
  Time since last request: 0.000229 seconds.
  path: Assets/Sprites/Dynamite/dynamite_0016.png
  artifactKey: Guid(562d5425e4b8ad945a939ecb25ea6c39) Importer(815301076,1909f56bfc062723c751e8b465ee728b)
Start importing Assets/Sprites/Dynamite/dynamite_0016.png using Guid(562d5425e4b8ad945a939ecb25ea6c39) Importer(815301076,1909f56bfc062723c751e8b465ee728b)  -> (artifact id: '10ca3dbc804fe8dac72626878c49d623') in 0.016212 seconds
  Import took 0.020359 seconds .

========================================================================
Received Import Request.
  Time since last request: 14.116474 seconds.
  path: Assets/Animations/Ability 3 Button.controller
  artifactKey: Guid(afa585c9b16d41540ac02174a30fceb8) Importer(815301076,1909f56bfc062723c751e8b465ee728b)
Start importing Assets/Animations/Ability 3 Button.controller using Guid(afa585c9b16d41540ac02174a30fceb8) Importer(815301076,1909f56bfc062723c751e8b465ee728b)  -> (artifact id: 'f7ac3df8f8a8548711ec53aa16e9de30') in 0.009269 seconds
  Import took 0.014139 seconds .

========================================================================
Received Prepare
Registering precompiled user dll's ...
Registered in 0.006165 seconds.
Begin MonoManager ReloadAssembly
Native extension for WindowsStandalone target not found
Refreshing native plugins compatible for Editor in 0.77 ms, found 5 plugins.
Preloading 0 native plugins for Editor in 0.00 ms.
Mono: successfully reloaded assembly
- Completed reload, in  0.898 seconds
Platform modules already initialized, skipping
Switching build target platform(19) subTarget(0) extendedPlatform(0) -> platform(13) subTarget(537395200) extendedPlatform(0)
Shader 'Universal Render Pipeline/Particles/Lit': fallback shader 'Universal Render Pipeline/Particles/SimpleLit' not found
Refreshing native plugins compatible for Editor in 0.77 ms, found 5 plugins.
Preloading 0 native plugins for Editor in 0.00 ms.
Unloading 3247 Unused Serialized files (Serialized files now loaded: 0)
System memory in use before: 147.6 MB.
System memory in use after: 147.8 MB.

Unloading 24 unused Assets to reduce memory usage. Loaded Objects now: 3861.
Total: 2.166800 ms (FindLiveObjects: 0.275400 ms CreateObjectMapping: 0.130800 ms MarkObjects: 1.705900 ms  DeleteObjects: 0.054000 ms)

AssetImportParameters requested are different than current active one (requested -> active):
  custom:graphics/normal-map-encoding: 01000000000000000000000000000000 -> 02000000000000000000000000000000
AssetImportWorkerClient::OnTransportError - code=2 error=End of file
